[1208/132755.213:ERROR:directory_reader_win.cc(43)] FindFirstFile: El sistema no puede encontrar la ruta especificada. (0x3)
[1209/212115.682:ERROR:process_reader_win.cc(151)] SuspendThread: Acceso denegado. (0x5)
[1209/212115.682:ERROR:process_reader_win.cc(151)] SuspendThread: Acceso denegado. (0x5)
[1209/212115.682:ERROR:process_reader_win.cc(151)] SuspendThread: Acceso denegado. (0x5)
[1209/212115.682:ERROR:process_reader_win.cc(151)] SuspendThread: Acceso denegado. (0x5)
[1209/212115.682:ERROR:process_reader_win.cc(151)] SuspendThread: Acceso denegado. (0x5)
[1209/212115.682:ERROR:process_reader_win.cc(151)] SuspendThread: Acceso denegado. (0x5)
[1209/212115.682:ERROR:process_reader_win.cc(151)] SuspendThread: Acceso denegado. (0x5)
[1209/212115.698:ERROR:process_reader_win.cc(151)] SuspendThread: Acceso denegado. (0x5)
[1209/212115.698:ERROR:process_reader_win.cc(151)] SuspendThread: Acceso denegado. (0x5)
[1209/212115.698:ERROR:process_reader_win.cc(151)] SuspendThread: Acceso denegado. (0x5)
[1209/212115.698:ERROR:process_reader_win.cc(151)] SuspendThread: Acceso denegado. (0x5)
[1209/212115.698:ERROR:process_reader_win.cc(151)] SuspendThread: Acceso denegado. (0x5)
[1209/212115.698:ERROR:process_reader_win.cc(151)] SuspendThread: Acceso denegado. (0x5)
[1209/212115.698:ERROR:process_reader_win.cc(151)] SuspendThread: Acceso denegado. (0x5)
[1209/212115.698:ERROR:process_reader_win.cc(151)] SuspendThread: Acceso denegado. (0x5)
[1209/212115.698:ERROR:process_reader_win.cc(151)] SuspendThread: Acceso denegado. (0x5)
[1209/212115.698:ERROR:process_reader_win.cc(151)] SuspendThread: Acceso denegado. (0x5)
[1209/212115.698:ERROR:process_reader_win.cc(151)] SuspendThread: Acceso denegado. (0x5)
[1209/212115.698:ERROR:process_reader_win.cc(151)] SuspendThread: Acceso denegado. (0x5)
[1209/212115.698:ERROR:process_reader_win.cc(151)] SuspendThread: Acceso denegado. (0x5)
[1209/212115.698:ERROR:process_reader_win.cc(151)] SuspendThread: Acceso denegado. (0x5)
[1209/212115.698:ERROR:process_reader_win.cc(151)] SuspendThread: Acceso denegado. (0x5)
[1209/212115.698:ERROR:process_reader_win.cc(151)] SuspendThread: Acceso denegado. (0x5)
[1209/212115.698:ERROR:process_reader_win.cc(151)] SuspendThread: Acceso denegado. (0x5)
[1209/212115.698:ERROR:process_reader_win.cc(151)] SuspendThread: Acceso denegado. (0x5)
[1209/212115.698:ERROR:process_reader_win.cc(151)] SuspendThread: Acceso denegado. (0x5)
[1209/212115.698:ERROR:process_reader_win.cc(151)] SuspendThread: Acceso denegado. (0x5)
[1209/212115.698:ERROR:process_reader_win.cc(151)] SuspendThread: Acceso denegado. (0x5)
[1209/212115.698:ERROR:process_reader_win.cc(151)] SuspendThread: Acceso denegado. (0x5)
[1209/212115.698:ERROR:process_reader_win.cc(151)] SuspendThread: Acceso denegado. (0x5)
[1209/212115.698:ERROR:process_reader_win.cc(151)] SuspendThread: Acceso denegado. (0x5)
[1209/212115.698:ERROR:process_reader_win.cc(151)] SuspendThread: Acceso denegado. (0x5)
[1209/212115.698:ERROR:process_reader_win.cc(151)] SuspendThread: Acceso denegado. (0x5)
[1209/212115.698:ERROR:process_reader_win.cc(151)] SuspendThread: Acceso denegado. (0x5)
[1209/212115.698:ERROR:process_reader_win.cc(151)] SuspendThread: Acceso denegado. (0x5)
[1209/212115.698:ERROR:process_reader_win.cc(151)] SuspendThread: Acceso denegado. (0x5)
[1209/212115.698:ERROR:process_reader_win.cc(151)] SuspendThread: Acceso denegado. (0x5)
[1209/212115.698:ERROR:process_reader_win.cc(151)] SuspendThread: Acceso denegado. (0x5)
[1209/212115.698:ERROR:process_reader_win.cc(151)] SuspendThread: Acceso denegado. (0x5)
[1209/212115.698:ERROR:process_reader_win.cc(151)] SuspendThread: Acceso denegado. (0x5)
[1209/212115.698:ERROR:process_reader_win.cc(151)] SuspendThread: Acceso denegado. (0x5)
[1209/212115.698:ERROR:process_reader_win.cc(151)] SuspendThread: Acceso denegado. (0x5)
[1209/212115.698:ERROR:process_reader_win.cc(151)] SuspendThread: Acceso denegado. (0x5)
[1209/212115.698:ERROR:process_reader_win.cc(151)] SuspendThread: Acceso denegado. (0x5)
[1209/212115.698:ERROR:process_reader_win.cc(151)] SuspendThread: Acceso denegado. (0x5)
[1209/212115.698:ERROR:process_reader_win.cc(151)] SuspendThread: Acceso denegado. (0x5)
[1209/212115.713:ERROR:process_reader_win.cc(151)] SuspendThread: Acceso denegado. (0x5)
[1209/212115.713:ERROR:process_reader_win.cc(151)] SuspendThread: Acceso denegado. (0x5)
[1209/212115.713:ERROR:process_reader_win.cc(151)] SuspendThread: Acceso denegado. (0x5)
[1209/212115.713:ERROR:process_reader_win.cc(151)] SuspendThread: Acceso denegado. (0x5)
[1209/212115.713:ERROR:process_reader_win.cc(151)] SuspendThread: Acceso denegado. (0x5)
[1209/212115.713:ERROR:process_reader_win.cc(151)] SuspendThread: Acceso denegado. (0x5)
[1209/212115.713:ERROR:process_reader_win.cc(151)] SuspendThread: Acceso denegado. (0x5)
[1209/212115.713:ERROR:process_reader_win.cc(151)] SuspendThread: Acceso denegado. (0x5)
[1209/212115.713:ERROR:process_reader_win.cc(151)] SuspendThread: Acceso denegado. (0x5)
[1209/212115.713:ERROR:process_reader_win.cc(151)] SuspendThread: Acceso denegado. (0x5)
[1209/212115.713:ERROR:process_reader_win.cc(151)] SuspendThread: Acceso denegado. (0x5)
[1209/212115.713:ERROR:process_reader_win.cc(151)] SuspendThread: Acceso denegado. (0x5)
[1209/212115.713:ERROR:process_reader_win.cc(151)] SuspendThread: Acceso denegado. (0x5)
[1209/212115.713:ERROR:process_reader_win.cc(151)] SuspendThread: Acceso denegado. (0x5)
[1209/212115.713:ERROR:process_reader_win.cc(123)] NtOpenThread: {Acceso denegado} Un proceso ha solicitado acceso a un objeto, pero no se le han concedido esos derechos de acceso. (0xc0000022)
[1209/212115.713:ERROR:process_reader_win.cc(123)] NtOpenThread: {Acceso denegado} Un proceso ha solicitado acceso a un objeto, pero no se le han concedido esos derechos de acceso. (0xc0000022)
[1209/212115.698:ERROR:process_reader_win.cc(123)] NtOpenThread: {Acceso denegado} Un proceso ha solicitado acceso a un objeto, pero no se le han concedido esos derechos de acceso. (0xc0000022)
[1209/212115.713:ERROR:process_reader_win.cc(123)] NtOpenThread: {Acceso denegado} Un proceso ha solicitado acceso a un objeto, pero no se le han concedido esos derechos de acceso. (0xc0000022)
[1209/212115.698:ERROR:process_reader_win.cc(123)] NtOpenThread: {Acceso denegado} Un proceso ha solicitado acceso a un objeto, pero no se le han concedido esos derechos de acceso. (0xc0000022)
[1209/212115.776:ERROR:exception_snapshot_win.cc(99)] thread ID 12708 not found in process
[1209/212115.776:ERROR:exception_snapshot_win.cc(99)] thread ID 15496 not found in process
[1209/212115.776:ERROR:exception_snapshot_win.cc(99)] thread ID 13360 not found in process
[1209/212115.698:ERROR:process_reader_win.cc(123)] NtOpenThread: {Acceso denegado} Un proceso ha solicitado acceso a un objeto, pero no se le han concedido esos derechos de acceso. (0xc0000022)
[1209/212115.776:ERROR:exception_snapshot_win.cc(99)] thread ID 13404 not found in process
[1209/212115.776:ERROR:exception_snapshot_win.cc(99)] thread ID 9692 not found in process
[1209/212115.776:ERROR:exception_snapshot_win.cc(99)] thread ID 18016 not found in process
[1209/212115.698:ERROR:process_reader_win.cc(123)] NtOpenThread: {Acceso denegado} Un proceso ha solicitado acceso a un objeto, pero no se le han concedido esos derechos de acceso. (0xc0000022)
[1209/212115.776:ERROR:exception_snapshot_win.cc(99)] thread ID 4168 not found in process
[1209/212115.963:ERROR:process_reader_win.cc(151)] SuspendThread: Acceso denegado. (0x5)
[1209/212115.963:ERROR:process_reader_win.cc(151)] SuspendThread: Acceso denegado. (0x5)
[1209/212115.963:ERROR:process_reader_win.cc(151)] SuspendThread: Acceso denegado. (0x5)
[1209/212115.963:ERROR:process_reader_win.cc(151)] SuspendThread: Acceso denegado. (0x5)
[1209/212115.963:ERROR:process_reader_win.cc(151)] SuspendThread: Acceso denegado. (0x5)
[1209/212115.963:ERROR:process_reader_win.cc(151)] SuspendThread: Acceso denegado. (0x5)
[1209/212115.963:ERROR:process_reader_win.cc(151)] SuspendThread: Acceso denegado. (0x5)
[1209/212115.963:ERROR:process_reader_win.cc(151)] SuspendThread: Acceso denegado. (0x5)
[1209/212115.963:ERROR:process_reader_win.cc(151)] SuspendThread: Acceso denegado. (0x5)
[1209/212115.963:ERROR:process_reader_win.cc(151)] SuspendThread: Acceso denegado. (0x5)
[1209/212115.963:ERROR:process_reader_win.cc(151)] SuspendThread: Acceso denegado. (0x5)
[1209/212115.963:ERROR:process_reader_win.cc(151)] SuspendThread: Acceso denegado. (0x5)
[1209/212115.963:ERROR:process_reader_win.cc(123)] NtOpenThread: {Acceso denegado} Un proceso ha solicitado acceso a un objeto, pero no se le han concedido esos derechos de acceso. (0xc0000022)
[1209/212115.963:ERROR:exception_snapshot_win.cc(99)] thread ID 6304 not found in process
[0109/120408.586:ERROR:crash_report_database_win.cc(606)] CreateDirectory C:\ProgramData\Safe Family\Logs: Acceso denegado. (0x5)
[0109/120408.636:ERROR:registration_protocol_win.cc(130)] TransactNamedPipe: Ha terminado la canalización. (0x6D)
[0109/120408.637:ERROR:crash_report_database_win.cc(606)] CreateDirectory C:\ProgramData\Safe Family\Logs: Acceso denegado. (0x5)
